Arguments: 
  C:\Program Files\nodejs\node.exe C:\Program Files (x86)\Yarn\bin\yarn.js init -D

PATH: 
  C:\ProgramData\DockerDesktop\version-bin;C:\Program Files\Docker\Docker\Resources\bin;C:\Windows\system32;C:\Windows;C:\Windows\System32\Wbem;C:\Windows\System32\WindowsPowerShell\v1.0\;C:\Windows\System32\OpenSSH\;C:\Program Files\dotnet\;C:\Program Files\Microsoft SQL Server\130\Tools\Binn\;C:\Program Files\Microsoft SQL Server\Client SDK\ODBC\130\Tools\Binn\;C:\Program Files (x86)\Microsoft SQL Server\140\Tools\Binn\;C:\Program Files\Microsoft SQL Server\140\Tools\Binn\;C:\Program Files\Microsoft SQL Server\140\DTS\Binn\;C:\Program Files (x86)\Microsoft SQL Server\Client SDK\ODBC\130\Tools\Binn\;C:\Program Files (x86)\Microsoft SQL Server\140\DTS\Binn\;C:\Program Files (x86)\Microsoft SQL Server\140\Tools\Binn\ManagementStudio\;C:\Program Files\nodejs\;C:\Program Files (x86)\Yarn\bin\;C:\Users\wylkson_barbosa\AppData\Local\Programs\Python\Python37-32\Scripts\;C:\Users\wylkson_barbosa\AppData\Local\Programs\Python\Python37-32\;C:\Users\wylkson_barbosa\AppData\Local\Microsoft\WindowsApps;C:\Users\wylkson_barbosa\AppData\Local\Programs\Microsoft VS Code\bin;C:\Users\wylkson_barbosa\AppData\Local\GitHubDesktop\bin;C:\Users\wylkson_barbosa\.dotnet\tools;C:\Users\wylkson_barbosa\AppData\Roaming\npm;C:\flutter\bin;C:\Users\wylkson_barbosa\AppData\Local\Yarn\bin

Yarn version: 
  1.21.1

Node version: 
  10.16.3

Platform: 
  win32 x64

Trace: 
  Error: canceled
      at Interface.<anonymous> (C:\Program Files (x86)\Yarn\lib\cli.js:136925:13)
      at Interface.emit (events.js:198:13)
      at Interface._ttyWrite (readline.js:801:16)
      at ReadStream.onkeypress (readline.js:184:10)
      at ReadStream.emit (events.js:198:13)
      at emitKeys (internal/readline.js:424:14)
      at emitKeys.next (<anonymous>)
      at ReadStream.onData (readline.js:1075:36)
      at ReadStream.emit (events.js:198:13)
      at addChunk (_stream_readable.js:288:12)

npm manifest: 
  {
    "name": "tdd_rocketseat",
    "version": "1.0.0",
    "description": "",
    "main": "src/app.js",
    "scripts": {
      "test": "echo \"Error: no test specified\" && exit 1"
    },
    "keywords": [],
    "author": "",
    "license": "ISC",
    "dependencies": {
      "express": "^4.17.1",
      "pg": "^7.15.1",
      "sequelize": "^5.21.3"
    },
    "devDependencies": {
      "sequelize-cli": "^5.5.1"
    }
  }

yarn manifest: 
  No manifest

Lockfile: 
  No lockfile
